cl : Command line warning D9002: ignoring unknown option '-lportaudio'
cl : Command line warning D9002: ignoring unknown option '-lasound'
cl : Command line warning D9002: ignoring unknown option '-lrt'
cl : Command line warning D9002: ignoring unknown option '-lm'
cl : Command line warning D9002: ignoring unknown option '-pthread'
cl : Command line warning D9002: ignoring unknown option '-std=c++11'
cl : Command line warning D9002: ignoring unknown option '-g'
  voice_recognition_OpenVINO.cpp
C:\Program Files (x86)\IntelSWTools\openvino\deployment_tools\inference_engine\include\ie_layouts.h(127): warning C4251: 'InferenceEngine::BlockingDesc::blockedDims': class 'std::vector<size_t,std::allocator<_Ty>>' needs to have dll-interface to be used by clients of class 'InferenceEngine::BlockingDesc'
          with
          [
              _Ty=size_t
          ]
  C:\Program Files (x86)\IntelSWTools\openvino\deployment_tools\inference_engine\include\ie_common.h(26): note: see declaration of 'std::vector<size_t,std::allocator<_Ty>>'
          with
          [
              _Ty=size_t
          ]
C:\Program Files (x86)\IntelSWTools\openvino\deployment_tools\inference_engine\include\ie_layouts.h(129): warning C4251: 'InferenceEngine::BlockingDesc::strides': class 'std::vector<size_t,std::allocator<_Ty>>' needs to have dll-interface to be used by clients of class 'InferenceEngine::BlockingDesc'
          with
          [
              _Ty=size_t
          ]
  C:\Program Files (x86)\IntelSWTools\openvino\deployment_tools\inference_engine\include\ie_common.h(26): note: see declaration of 'std::vector<size_t,std::allocator<_Ty>>'
          with
          [
              _Ty=size_t
          ]
C:\Program Files (x86)\IntelSWTools\openvino\deployment_tools\inference_engine\include\ie_layouts.h(131): warning C4251: 'InferenceEngine::BlockingDesc::order': class 'std::vector<size_t,std::allocator<_Ty>>' needs to have dll-interface to be used by clients of class 'InferenceEngine::BlockingDesc'
          with
          [
              _Ty=size_t
          ]
  C:\Program Files (x86)\IntelSWTools\openvino\deployment_tools\inference_engine\include\ie_common.h(26): note: see declaration of 'std::vector<size_t,std::allocator<_Ty>>'
          with
          [
              _Ty=size_t
          ]
C:\Program Files (x86)\IntelSWTools\openvino\deployment_tools\inference_engine\include\ie_layouts.h(134): warning C4251: 'InferenceEngine::BlockingDesc::offsetPaddingToData': class 'std::vector<size_t,std::allocator<_Ty>>' needs to have dll-interface to be used by clients of class 'InferenceEngine::BlockingDesc'
          with
          [
              _Ty=size_t
          ]
  C:\Program Files (x86)\IntelSWTools\openvino\deployment_tools\inference_engine\include\ie_common.h(26): note: see declaration of 'std::vector<size_t,std::allocator<_Ty>>'
          with
          [
              _Ty=size_t
          ]
C:\Program Files (x86)\IntelSWTools\openvino\deployment_tools\inference_engine\include\ie_layouts.h(320): warning C4251: 'InferenceEngine::TensorDesc::dims': class 'std::vector<size_t,std::allocator<_Ty>>' needs to have dll-interface to be used by clients of class 'InferenceEngine::TensorDesc'
          with
          [
              _Ty=size_t
          ]
  C:\Program Files (x86)\IntelSWTools\openvino\deployment_tools\inference_engine\include\ie_common.h(26): note: see declaration of 'std::vector<size_t,std::allocator<_Ty>>'
          with
          [
              _Ty=size_t
          ]
C:\Program Files (x86)\IntelSWTools\openvino\deployment_tools\inference_engine\include\ie_layouts.h(324): warning C4251: 'InferenceEngine::TensorDesc::precision': class 'InferenceEngine::Precision' needs to have dll-interface to be used by clients of class 'InferenceEngine::TensorDesc'
  C:\Program Files (x86)\IntelSWTools\openvino\deployment_tools\inference_engine\include\ie_precision.hpp(19): note: see declaration of 'InferenceEngine::Precision'
C:\Program Files (x86)\IntelSWTools\openvino\deployment_tools\inference_engine\include\ie_layouts.h(346): warning C4251: 'InferenceEngine::LayoutOffsetCounter::_dims': class 'std::vector<size_t,std::allocator<_Ty>>' needs to have dll-interface to be used by clients of class 'InferenceEngine::LayoutOffsetCounter'
          with
          [
              _Ty=size_t
          ]
  C:\Program Files (x86)\IntelSWTools\openvino\deployment_tools\inference_engine\include\ie_common.h(26): note: see declaration of 'std::vector<size_t,std::allocator<_Ty>>'
          with
          [
              _Ty=size_t
          ]
C:\Program Files (x86)\IntelSWTools\openvino\deployment_tools\inference_engine\include\ie_layouts.h(354): warning C4251: 'InferenceEngine::LayoutOffsetCounter::_muls': class 'std::vector<size_t,std::allocator<_Ty>>' needs to have dll-interface to be used by clients of class 'InferenceEngine::LayoutOffsetCounter'
          with
          [
              _Ty=size_t
          ]
  C:\Program Files (x86)\IntelSWTools\openvino\deployment_tools\inference_engine\include\ie_common.h(26): note: see declaration of 'std::vector<size_t,std::allocator<_Ty>>'
          with
          [
              _Ty=size_t
          ]
C:\Program Files (x86)\IntelSWTools\openvino\deployment_tools\inference_engine\include\ie_data.h(33): warning C4251: 'InferenceEngine::Data::precision': class 'InferenceEngine::Precision' needs to have dll-interface to be used by clients of class 'InferenceEngine::Data'
  C:\Program Files (x86)\IntelSWTools\openvino\deployment_tools\inference_engine\include\ie_precision.hpp(19): note: see declaration of 'InferenceEngine::Precision'
C:\Program Files (x86)\IntelSWTools\openvino\deployment_tools\inference_engine\include\ie_data.h(43): warning C4251: 'InferenceEngine::Data::dims': class 'std::vector<size_t,std::allocator<_Ty>>' needs to have dll-interface to be used by clients of class 'InferenceEngine::Data'
          with
          [
              _Ty=size_t
          ]
  C:\Program Files (x86)\IntelSWTools\openvino\deployment_tools\inference_engine\include\ie_common.h(26): note: see declaration of 'std::vector<size_t,std::allocator<_Ty>>'
          with
          [
              _Ty=size_t
          ]
C:\Program Files (x86)\IntelSWTools\openvino\deployment_tools\inference_engine\include\ie_data.h(48): warning C4251: 'InferenceEngine::Data::creatorLayer': class 'std::weak_ptr<InferenceEngine::CNNLayer>' needs to have dll-interface to be used by clients of class 'InferenceEngine::Data'
  C:\Program Files (x86)\IntelSWTools\openvino\deployment_tools\inference_engine\include\ie_common.h(40): note: see declaration of 'std::weak_ptr<InferenceEngine::CNNLayer>'
C:\Program Files (x86)\IntelSWTools\openvino\deployment_tools\inference_engine\include\ie_data.h(53): warning C4251: 'InferenceEngine::Data::name': class 'std::basic_string<char,std::char_traits<char>,std::allocator<char>>' needs to have dll-interface to be used by clients of class 'InferenceEngine::Data'
  C:\Program Files (x86)\Microsoft Visual Studio\2019\Community\VC\Tools\MSVC\14.20.27508\include\xstring(4167): note: see declaration of 'std::basic_string<char,std::char_traits<char>,std::allocator<char>>'
C:\Program Files (x86)\IntelSWTools\openvino\deployment_tools\inference_engine\include\ie_data.h(59): warning C4251: 'InferenceEngine::Data::inputTo': class 'std::map<std::string,InferenceEngine::CNNLayerPtr,std::less<_Kty>,std::allocator<std::pair<const _Kty,_Ty>>>' needs to have dll-interface to be used by clients of class 'InferenceEngine::Data'
          with
          [
              _Kty=std::string,
              _Ty=InferenceEngine::CNNLayerPtr
          ]
  C:\Program Files (x86)\IntelSWTools\openvino\deployment_tools\inference_engine\include\ie_data.h(59): note: see declaration of 'std::map<std::string,InferenceEngine::CNNLayerPtr,std::less<_Kty>,std::allocator<std::pair<const _Kty,_Ty>>>'
          with
          [
              _Kty=std::string,
              _Ty=InferenceEngine::CNNLayerPtr
          ]
C:\Users\Anders\Desktop\Master\OpenVINO_project\Hey_Spark_OpenVINO\voice_recognition_OpenVINO.cpp(216): warning C4244: 'initializing': conversion from '__int64' to 'double', possible loss of data
C:\Users\Anders\Desktop\Master\OpenVINO_project\Hey_Spark_OpenVINO\voice_recognition_OpenVINO.cpp(271): warning C4244: 'initializing': conversion from 'double' to 'int', possible loss of data
  voice_recognition_OpenVINO.vcxproj -> C:\Users\Anders\Desktop\Master\OpenVINO_project\Hey_Spark_OpenVINO\Debug\voice_recognition_OpenVINO.exe
